Connecting to database specified by database.yml
Compiled jquery.js  (3ms)  (pid 4463)
Compiled jquery_ujs.js  (0ms)  (pid 4463)
Compiled twitter/bootstrap/bootstrap-transition.js  (0ms)  (pid 4463)
Compiled twitter/bootstrap/bootstrap-alert.js  (0ms)  (pid 4463)
Compiled twitter/bootstrap/bootstrap-modal.js  (0ms)  (pid 4463)
Compiled twitter/bootstrap/bootstrap-dropdown.js  (2ms)  (pid 4463)
Compiled twitter/bootstrap/bootstrap-scrollspy.js  (0ms)  (pid 4463)
Compiled twitter/bootstrap/bootstrap-tab.js  (0ms)  (pid 4463)
Compiled twitter/bootstrap/bootstrap-tooltip.js  (0ms)  (pid 4463)
Compiled twitter/bootstrap/bootstrap-popover.js  (0ms)  (pid 4463)
Compiled twitter/bootstrap/bootstrap-button.js  (0ms)  (pid 4463)
Compiled twitter/bootstrap/bootstrap-collapse.js  (0ms)  (pid 4463)
Compiled twitter/bootstrap/bootstrap-carousel.js  (0ms)  (pid 4463)
Compiled twitter/bootstrap/bootstrap-typeahead.js  (0ms)  (pid 4463)
Compiled twitter/bootstrap/bootstrap-affix.js  (0ms)  (pid 4463)
Compiled twitter/bootstrap.js  (383ms)  (pid 4463)
Compiled answers.js  (83ms)  (pid 4463)
Compiled bootstrap.js  (1ms)  (pid 4463)
Compiled facebook.js  (5ms)  (pid 4463)
Compiled jquery.tipsy.js  (0ms)  (pid 4463)
Compiled questions.js  (3ms)  (pid 4463)
Compiled sessions.js  (0ms)  (pid 4463)
Compiled slug.js  (2ms)  (pid 4463)
Compiled users.js  (0ms)  (pid 4463)
Compiled application.js  (1302ms)  (pid 4463)
Compiled answers.css  (42ms)  (pid 4463)
Compiled bootstrap_and_overrides.css  (862ms)  (pid 4463)
Compiled questions.css  (5ms)  (pid 4463)
Compiled sessions.css  (6ms)  (pid 4463)
Compiled style.css  (0ms)  (pid 4463)
Compiled tipsy.css  (0ms)  (pid 4463)
Compiled users.css  (5ms)  (pid 4463)
Compiled application.css  (1263ms)  (pid 4463)
Connecting to database specified by database.yml
Compiled jquery.js  (3ms)  (pid 4463)
Compiled jquery_ujs.js  (0ms)  (pid 4463)
Compiled twitter/bootstrap/bootstrap-transition.js  (0ms)  (pid 4463)
Compiled twitter/bootstrap/bootstrap-alert.js  (0ms)  (pid 4463)
Compiled twitter/bootstrap/bootstrap-modal.js  (0ms)  (pid 4463)
Compiled twitter/bootstrap/bootstrap-dropdown.js  (0ms)  (pid 4463)
Compiled twitter/bootstrap/bootstrap-scrollspy.js  (0ms)  (pid 4463)
Compiled twitter/bootstrap/bootstrap-tab.js  (0ms)  (pid 4463)
Compiled twitter/bootstrap/bootstrap-tooltip.js  (0ms)  (pid 4463)
Compiled twitter/bootstrap/bootstrap-popover.js  (0ms)  (pid 4463)
Compiled twitter/bootstrap/bootstrap-button.js  (0ms)  (pid 4463)
Compiled twitter/bootstrap/bootstrap-collapse.js  (0ms)  (pid 4463)
Compiled twitter/bootstrap/bootstrap-carousel.js  (0ms)  (pid 4463)
Compiled twitter/bootstrap/bootstrap-typeahead.js  (0ms)  (pid 4463)
Compiled twitter/bootstrap/bootstrap-affix.js  (0ms)  (pid 4463)
Compiled twitter/bootstrap.js  (306ms)  (pid 4463)
Compiled answers.js  (83ms)  (pid 4463)
Compiled bootstrap.js  (1ms)  (pid 4463)
Compiled facebook.js  (5ms)  (pid 4463)
Compiled jquery.tipsy.js  (0ms)  (pid 4463)
Compiled questions.js  (3ms)  (pid 4463)
Compiled sessions.js  (0ms)  (pid 4463)
Compiled slug.js  (2ms)  (pid 4463)
Compiled users.js  (0ms)  (pid 4463)
Compiled application.js  (687ms)  (pid 4463)
Compiled answers.css  (10ms)  (pid 4463)
Compiled bootstrap_and_overrides.css  (706ms)  (pid 4463)
Compiled questions.css  (6ms)  (pid 4463)
Compiled sessions.css  (10ms)  (pid 4463)
Compiled style.css  (0ms)  (pid 4463)
Compiled tipsy.css  (0ms)  (pid 4463)
Compiled users.css  (8ms)  (pid 4463)
Compiled application.css  (1030ms)  (pid 4463)
